<?xml version="1.0" encoding="UTF-8" ?>
<testsuite tests="2" failures="2" name="client.gui.ChatTest" time="90.477" errors="0" skipped="0">
  <properties>
    <property name="java.runtime.name" value="Java(TM) SE Runtime Environment"/>
    <property name="sun.boot.library.path" value="C:\Program Files\Java\jdk1.8.0_211\jre\bin"/>
    <property name="java.vm.version" value="25.211-b12"/>
    <property name="user.country.format" value="150"/>
    <property name="java.vm.vendor" value="Oracle Corporation"/>
    <property name="maven.multiModuleProjectDirectory" value="C:\Users\Rondy\Desktop\Tanks2DNetty-master\Tanks2DNetty-master"/>
    <property name="java.vendor.url" value="http://java.oracle.com/"/>
    <property name="path.separator" value=";"/>
    <property name="guice.disable.misplaced.annotation.check" value="true"/>
    <property name="java.vm.name" value="Java HotSpot(TM) 64-Bit Server VM"/>
    <property name="file.encoding.pkg" value="sun.io"/>
    <property name="user.script" value=""/>
    <property name="user.country" value="US"/>
    <property name="sun.java.launcher" value="SUN_STANDARD"/>
    <property name="sun.os.patch.level" value=""/>
    <property name="java.vm.specification.name" value="Java Virtual Machine Specification"/>
    <property name="user.dir" value="C:\Users\Rondy\Desktop\Tanks2DNetty-master\Tanks2DNetty-master"/>
    <property name="java.runtime.version" value="1.8.0_211-b12"/>
    <property name="java.awt.graphicsenv" value="sun.awt.Win32GraphicsEnvironment"/>
    <property name="java.endorsed.dirs" value="C:\Program Files\Java\jdk1.8.0_211\jre\lib\endorsed"/>
    <property name="os.arch" value="amd64"/>
    <property name="java.io.tmpdir" value="C:\Users\Rondy\AppData\Local\Temp\"/>
    <property name="line.separator" value="
"/>
    <property name="java.vm.specification.vendor" value="Oracle Corporation"/>
    <property name="user.variant" value=""/>
    <property name="os.name" value="Windows 10"/>
    <property name="classworlds.conf" value="C:\Program Files\Apache\maven\apache-maven-3.6.3\bin\..\bin\m2.conf"/>
    <property name="sun.jnu.encoding" value="Cp1251"/>
    <property name="java.library.path" value="C:\Program Files\Java\jdk1.8.0_211\bin;C:\Windows\Sun\Java\bin;C:\Windows\system32;C:\Windows;C:\Program Files (x86)\Python38-32\Scripts\;C:\Program Files (x86)\Python38-32\;C:\Program Files (x86)\Common Files\Oracle\Java\javapath;C:\Program Files (x86)\Intel\Intel(R) Management Engine Components\iCLS\;C:\Program Files\Intel\Intel(R) Management Engine Components\iCLS\;C:\Windows\system32;C:\Windows;C:\Windows\System32\Wbem;C:\Windows\System32\WindowsPowerShell\v1.0\;C:\Windows\System32\OpenSSH\;C:\Program Files\Intel\WiFi\bin\;C:\Program Files\Common Files\Intel\WirelessCommon\;C:\Program Files (x86)\Intel\Intel(R) Management Engine Components\DAL;C:\Program Files\Intel\Intel(R) Management Engine Components\DAL;C:\Program Files (x86)\Intel\Intel(R) Management Engine Components\IPT;C:\Program Files\Intel\Intel(R) Management Engine Components\IPT;C:\Program Files\NVIDIA Corporation\NVIDIA NvDLISR;C:\Program Files\Java\jdk-11.0.2\bin;C:\Program Files\Git\cmd;C:\Program Files\Microsoft SQL Server\Client SDK\ODBC\130\Tools\Binn\;C:\Program Files (x86)\Microsoft SQL Server\140\Tools\Binn\;C:\Program Files\Microsoft SQL Server\140\Tools\Binn\;C:\Program Files\Microsoft SQL Server\140\DTS\Binn\;C:\Program Files (x86)\NVIDIA Corporation\PhysX\Common;D:\opencv\build\x64\vc15\bin;C:\Program Files\Apache\maven\apache-maven-3.6.3\bin;C:\Program Files\Java\jdk1.8.0_211\bin;;."/>
    <property name="maven.conf" value="C:\Program Files\Apache\maven\apache-maven-3.6.3\bin\../conf"/>
    <property name="java.specification.name" value="Java Platform API Specification"/>
    <property name="java.class.version" value="52.0"/>
    <property name="sun.management.compiler" value="HotSpot 64-Bit Tiered Compilers"/>
    <property name="os.version" value="10.0"/>
    <property name="library.jansi.path" value="C:\Program Files\Apache\maven\apache-maven-3.6.3\bin\..\lib\jansi-native"/>
    <property name="user.home" value="C:\Users\Rondy"/>
    <property name="user.timezone" value="Europe/Belgrade"/>
    <property name="java.awt.printerjob" value="sun.awt.windows.WPrinterJob"/>
    <property name="java.specification.version" value="1.8"/>
    <property name="file.encoding" value="Cp1251"/>
    <property name="user.name" value="Rondy"/>
    <property name="java.class.path" value="C:\Program Files\Apache\maven\apache-maven-3.6.3\bin\..\boot\plexus-classworlds-2.6.0.jar"/>
    <property name="java.vm.specification.version" value="1.8"/>
    <property name="sun.arch.data.model" value="64"/>
    <property name="java.home" value="C:\Program Files\Java\jdk1.8.0_211\jre"/>
    <property name="sun.java.command" value="org.codehaus.plexus.classworlds.launcher.Launcher package"/>
    <property name="java.specification.vendor" value="Oracle Corporation"/>
    <property name="user.language" value="en"/>
    <property name="awt.toolkit" value="sun.awt.windows.WToolkit"/>
    <property name="java.vm.info" value="mixed mode"/>
    <property name="java.version" value="1.8.0_211"/>
    <property name="java.ext.dirs" value="C:\Program Files\Java\jdk1.8.0_211\jre\lib\ext;C:\Windows\Sun\Java\lib\ext"/>
    <property name="sun.boot.class.path" value="C:\Program Files\Java\jdk1.8.0_211\jre\lib\resources.jar;C:\Program Files\Java\jdk1.8.0_211\jre\lib\rt.jar;C:\Program Files\Java\jdk1.8.0_211\jre\lib\sunrsasign.jar;C:\Program Files\Java\jdk1.8.0_211\jre\lib\jsse.jar;C:\Program Files\Java\jdk1.8.0_211\jre\lib\jce.jar;C:\Program Files\Java\jdk1.8.0_211\jre\lib\charsets.jar;C:\Program Files\Java\jdk1.8.0_211\jre\lib\jfr.jar;C:\Program Files\Java\jdk1.8.0_211\jre\classes"/>
    <property name="sun.stderr.encoding" value="cp866"/>
    <property name="java.vendor" value="Oracle Corporation"/>
    <property name="maven.home" value="C:\Program Files\Apache\maven\apache-maven-3.6.3\bin\.."/>
    <property name="file.separator" value="\"/>
    <property name="java.vendor.url.bug" value="http://bugreport.sun.com/bugreport/"/>
    <property name="sun.cpu.endian" value="little"/>
    <property name="sun.io.unicode.encoding" value="UnicodeLittle"/>
    <property name="sun.stdout.encoding" value="cp866"/>
    <property name="sun.desktop" value="windows"/>
    <property name="sun.cpu.isalist" value="amd64"/>
  </properties>
  <testcase classname="client.gui.ChatTest" name="testAChatMessage" time="5.597">
    <failure message="expected:&lt;You: [aaaaa]&gt; but was:&lt;You: [ффффф]&gt;" type="org.junit.ComparisonFailure">org.junit.ComparisonFailure: expected:&lt;You: [aaaaa]&gt; but was:&lt;You: [ффффф]&gt;
	at org.junit.Assert.assertEquals(Assert.java:115)
	at org.junit.Assert.assertEquals(Assert.java:144)
	at client.gui.ChatTest.testAChatMessage(ChatTest.java:49)
	at sun.reflect.NativeMethodAccessorImpl.invoke0(Native Method)
	at sun.reflect.NativeMethodAccessorImpl.invoke(NativeMethodAccessorImpl.java:62)
	at sun.reflect.DelegatingMethodAccessorImpl.invoke(DelegatingMethodAccessorImpl.java:43)
	at java.lang.reflect.Method.invoke(Method.java:498)
	at org.junit.runners.model.FrameworkMethod$1.runReflectiveCall(FrameworkMethod.java:50)
	at org.junit.internal.runners.model.ReflectiveCallable.run(ReflectiveCallable.java:12)
	at org.junit.runners.model.FrameworkMethod.invokeExplosively(FrameworkMethod.java:47)
	at org.junit.internal.runners.statements.InvokeMethod.evaluate(InvokeMethod.java:17)
	at org.junit.internal.runners.statements.RunBefores.evaluate(RunBefores.java:26)
	at org.junit.runners.ParentRunner.runLeaf(ParentRunner.java:325)
	at org.junit.runners.BlockJUnit4ClassRunner.runChild(BlockJUnit4ClassRunner.java:78)
	at org.junit.runners.BlockJUnit4ClassRunner.runChild(BlockJUnit4ClassRunner.java:57)
	at org.junit.runners.ParentRunner$3.run(ParentRunner.java:290)
	at org.junit.runners.ParentRunner$1.schedule(ParentRunner.java:71)
	at org.junit.runners.ParentRunner.runChildren(ParentRunner.java:288)
	at org.junit.runners.ParentRunner.access$000(ParentRunner.java:58)
	at org.junit.runners.ParentRunner$2.evaluate(ParentRunner.java:268)
	at org.junit.runners.ParentRunner.run(ParentRunner.java:363)
	at org.apache.maven.surefire.junit4.JUnit4Provider.execute(JUnit4Provider.java:252)
	at org.apache.maven.surefire.junit4.JUnit4Provider.executeTestSet(JUnit4Provider.java:141)
	at org.apache.maven.surefire.junit4.JUnit4Provider.invoke(JUnit4Provider.java:112)
	at sun.reflect.NativeMethodAccessorImpl.invoke0(Native Method)
	at sun.reflect.NativeMethodAccessorImpl.invoke(NativeMethodAccessorImpl.java:62)
	at sun.reflect.DelegatingMethodAccessorImpl.invoke(DelegatingMethodAccessorImpl.java:43)
	at java.lang.reflect.Method.invoke(Method.java:498)
	at org.apache.maven.surefire.util.ReflectionUtils.invokeMethodWithArray(ReflectionUtils.java:189)
	at org.apache.maven.surefire.booter.ProviderFactory$ProviderProxy.invoke(ProviderFactory.java:165)
	at org.apache.maven.surefire.booter.ProviderFactory.invokeProvider(ProviderFactory.java:85)
	at org.apache.maven.surefire.booter.ForkedBooter.runSuitesInProcess(ForkedBooter.java:115)
	at org.apache.maven.surefire.booter.ForkedBooter.main(ForkedBooter.java:75)
</failure>
    <system-out>get Client = null
1#player joined one 
1#player joined one 
command - 1#Register,TesterChat,516,198,1, name - TesterChat
command - 1#Scores$TesterChat --&gt; 0&amp;, name - TesterChat
command - 1#TesterChat:ффффф, name - TesterChat
</system-out>
    <system-err>Jan 14, 2020 3:38:07 PM io.netty.handler.logging.LoggingHandler channelRegistered
INFO: [id: 0x6eb65707] REGISTERED
Jan 14, 2020 3:38:07 PM io.netty.handler.logging.LoggingHandler bind
INFO: [id: 0x6eb65707] BIND: 0.0.0.0/0.0.0.0:8992
Jan 14, 2020 3:38:07 PM io.netty.handler.logging.LoggingHandler channelActive
INFO: [id: 0x6eb65707, L:/0:0:0:0:0:0:0:0:8992] ACTIVE
Jan 14, 2020 3:38:07 PM io.netty.handler.logging.LoggingHandler channelRead
INFO: [id: 0x6eb65707, L:/0:0:0:0:0:0:0:0:8992] READ: [id: 0x9249dd23, L:/127.0.0.1:8992 - R:/127.0.0.1:58029]
Jan 14, 2020 3:38:07 PM io.netty.handler.logging.LoggingHandler channelReadComplete
INFO: [id: 0x6eb65707, L:/0:0:0:0:0:0:0:0:8992] READ COMPLETE
Jan 14, 2020 3:38:07 PM io.netty.handler.logging.LoggingHandler channelRead
INFO: [id: 0x6eb65707, L:/0:0:0:0:0:0:0:0:8992] READ: [id: 0x71eeb20e, L:/127.0.0.1:8992 - R:/127.0.0.1:58078]
Jan 14, 2020 3:38:07 PM io.netty.handler.logging.LoggingHandler channelReadComplete
INFO: [id: 0x6eb65707, L:/0:0:0:0:0:0:0:0:8992] READ COMPLETE
</system-err>
  </testcase>
  <testcase classname="client.gui.ChatTest" name="testBEscapeFromChat" time="84.88">
    <failure message="expected:&lt;Press [ENTER to send message and F2 to escape chat field]&gt; but was:&lt;Press [F3 to start game]&gt;" type="org.junit.ComparisonFailure">org.junit.ComparisonFailure: expected:&lt;Press [ENTER to send message and F2 to escape chat field]&gt; but was:&lt;Press [F3 to start game]&gt;
	at org.junit.Assert.assertEquals(Assert.java:115)
	at org.junit.Assert.assertEquals(Assert.java:144)
	at client.gui.ChatTest.testBEscapeFromChat(ChatTest.java:58)
	at sun.reflect.NativeMethodAccessorImpl.invoke0(Native Method)
	at sun.reflect.NativeMethodAccessorImpl.invoke(NativeMethodAccessorImpl.java:62)
	at sun.reflect.DelegatingMethodAccessorImpl.invoke(DelegatingMethodAccessorImpl.java:43)
	at java.lang.reflect.Method.invoke(Method.java:498)
	at org.junit.runners.model.FrameworkMethod$1.runReflectiveCall(FrameworkMethod.java:50)
	at org.junit.internal.runners.model.ReflectiveCallable.run(ReflectiveCallable.java:12)
	at org.junit.runners.model.FrameworkMethod.invokeExplosively(FrameworkMethod.java:47)
	at org.junit.internal.runners.statements.InvokeMethod.evaluate(InvokeMethod.java:17)
	at org.junit.internal.runners.statements.RunBefores.evaluate(RunBefores.java:26)
	at org.junit.runners.ParentRunner.runLeaf(ParentRunner.java:325)
	at org.junit.runners.BlockJUnit4ClassRunner.runChild(BlockJUnit4ClassRunner.java:78)
	at org.junit.runners.BlockJUnit4ClassRunner.runChild(BlockJUnit4ClassRunner.java:57)
	at org.junit.runners.ParentRunner$3.run(ParentRunner.java:290)
	at org.junit.runners.ParentRunner$1.schedule(ParentRunner.java:71)
	at org.junit.runners.ParentRunner.runChildren(ParentRunner.java:288)
	at org.junit.runners.ParentRunner.access$000(ParentRunner.java:58)
	at org.junit.runners.ParentRunner$2.evaluate(ParentRunner.java:268)
	at org.junit.runners.ParentRunner.run(ParentRunner.java:363)
	at org.apache.maven.surefire.junit4.JUnit4Provider.execute(JUnit4Provider.java:252)
	at org.apache.maven.surefire.junit4.JUnit4Provider.executeTestSet(JUnit4Provider.java:141)
	at org.apache.maven.surefire.junit4.JUnit4Provider.invoke(JUnit4Provider.java:112)
	at sun.reflect.NativeMethodAccessorImpl.invoke0(Native Method)
	at sun.reflect.NativeMethodAccessorImpl.invoke(NativeMethodAccessorImpl.java:62)
	at sun.reflect.DelegatingMethodAccessorImpl.invoke(DelegatingMethodAccessorImpl.java:43)
	at java.lang.reflect.Method.invoke(Method.java:498)
	at org.apache.maven.surefire.util.ReflectionUtils.invokeMethodWithArray(ReflectionUtils.java:189)
	at org.apache.maven.surefire.booter.ProviderFactory$ProviderProxy.invoke(ProviderFactory.java:165)
	at org.apache.maven.surefire.booter.ProviderFactory.invokeProvider(ProviderFactory.java:85)
	at org.apache.maven.surefire.booter.ForkedBooter.runSuitesInProcess(ForkedBooter.java:115)
	at org.apache.maven.surefire.booter.ForkedBooter.main(ForkedBooter.java:75)
</failure>
    <system-out>command - 1#Update,TesterChat,516,198,4, name - TesterChat
command - 1#Update,TesterChat,516,198,1, name - TesterChat
command - 1#Shot,TesterChat, name - TesterChat
command - 1#Update,TesterChat,516,198,4, name - TesterChat
command - 1#Update,TesterChat,516,198,4, name - TesterChat
command - 1#Update,TesterChat,516,198,4, name - TesterChat
command - 1#Update,TesterChat,516,198,1, name - TesterChat
command - 1#TesterChat: цф, name - TesterChat
dispose client
command - 1#Exit,TesterChat,-, name - TesterChat
command - 1#Scores$, name - TesterChat
command - 1#TesterChat left the room # 1, name - TesterChat
get Client = null
1#player joined two 
1#player joined two 
</system-out>
    <system-err>Jan 14, 2020 3:38:53 PM io.netty.handler.logging.LoggingHandler channelInactive
INFO: [id: 0x6eb65707, L:/0:0:0:0:0:0:0:0:8992] INACTIVE
Jan 14, 2020 3:38:53 PM io.netty.handler.logging.LoggingHandler channelUnregistered
INFO: [id: 0x6eb65707, L:/0:0:0:0:0:0:0:0:8992] UNREGISTERED
Jan 14, 2020 3:38:54 PM io.netty.handler.logging.LoggingHandler channelRegistered
INFO: [id: 0xf060e9e3] REGISTERED
Jan 14, 2020 3:38:54 PM io.netty.handler.logging.LoggingHandler bind
INFO: [id: 0xf060e9e3] BIND: 0.0.0.0/0.0.0.0:8992
Jan 14, 2020 3:38:54 PM io.netty.handler.logging.LoggingHandler channelActive
INFO: [id: 0xf060e9e3, L:/0:0:0:0:0:0:0:0:8992] ACTIVE
Jan 14, 2020 3:38:54 PM io.netty.handler.logging.LoggingHandler channelRead
INFO: [id: 0xf060e9e3, L:/0:0:0:0:0:0:0:0:8992] READ: [id: 0x0961aebe, L:/127.0.0.1:8992 - R:/127.0.0.1:58139]
Jan 14, 2020 3:38:54 PM io.netty.handler.logging.LoggingHandler channelReadComplete
INFO: [id: 0xf060e9e3, L:/0:0:0:0:0:0:0:0:8992] READ COMPLETE
Jan 14, 2020 3:38:54 PM io.netty.handler.logging.LoggingHandler channelRead
INFO: [id: 0xf060e9e3, L:/0:0:0:0:0:0:0:0:8992] READ: [id: 0xff00138c, L:/127.0.0.1:8992 - R:/127.0.0.1:58238]
Jan 14, 2020 3:38:54 PM io.netty.handler.logging.LoggingHandler channelReadComplete
INFO: [id: 0xf060e9e3, L:/0:0:0:0:0:0:0:0:8992] READ COMPLETE
</system-err>
  </testcase>
</testsuite>